0 info it worked if it ends with ok
1 verbose cli [ '/home/naomi/.nvm/versions/node/v7.4.0/bin/node',
1 verbose cli   '/home/naomi/.nvm/versions/node/v7.4.0/bin/npm',
1 verbose cli   'start' ]
2 info using npm@4.0.5
3 info using node@v7.4.0
4 verbose run-script [ 'prestart', 'start', 'poststart' ]
5 info lifecycle potato@1.0.0~prestart: potato@1.0.0
6 silly lifecycle potato@1.0.0~prestart: no script for prestart, continuing
7 info lifecycle potato@1.0.0~start: potato@1.0.0
8 verbose lifecycle potato@1.0.0~start: unsafe-perm in lifecycle true
9 verbose lifecycle potato@1.0.0~start: PATH: /home/naomi/.nvm/versions/node/v7.4.0/lib/node_modules/npm/bin/node-gyp-bin:/media/naomi/Extra Space/research/potato/node_modules/.bin:/home/naomi/.nvm/versions/node/v7.4.0/bin:/usr/local/sbin:/usr/local/bin:/usr/sbin:/usr/bin:/sbin:/bin:/usr/games:/usr/local/games:/snap/bin
10 verbose lifecycle potato@1.0.0~start: CWD: /media/naomi/Extra Space/research/potato
11 silly lifecycle potato@1.0.0~start: Args: [ '-c',
11 silly lifecycle   'webpack-dev-server --open --config config/webpack.config.js --progress' ]
12 silly lifecycle potato@1.0.0~start: Returned: code: 134  signal: null
13 info lifecycle potato@1.0.0~start: Failed to exec start script
14 verbose stack Error: potato@1.0.0 start: `webpack-dev-server --open --config config/webpack.config.js --progress`
14 verbose stack Exit status 134
14 verbose stack     at EventEmitter.<anonymous> (/home/naomi/.nvm/versions/node/v7.4.0/lib/node_modules/npm/lib/utils/lifecycle.js:279:16)
14 verbose stack     at emitTwo (events.js:106:13)
14 verbose stack     at EventEmitter.emit (events.js:191:7)
14 verbose stack     at ChildProcess.<anonymous> (/home/naomi/.nvm/versions/node/v7.4.0/lib/node_modules/npm/lib/utils/spawn.js:40:14)
14 verbose stack     at emitTwo (events.js:106:13)
14 verbose stack     at ChildProcess.emit (events.js:191:7)
14 verbose stack     at maybeClose (internal/child_process.js:885:16)
14 verbose stack     at Process.ChildProcess._handle.onexit (internal/child_process.js:226:5)
15 verbose pkgid potato@1.0.0
16 verbose cwd /media/naomi/Extra Space/research/potato
17 error Linux 4.5.0-040500rc1-generic
18 error argv "/home/naomi/.nvm/versions/node/v7.4.0/bin/node" "/home/naomi/.nvm/versions/node/v7.4.0/bin/npm" "start"
19 error node v7.4.0
20 error npm  v4.0.5
21 error code ELIFECYCLE
22 error potato@1.0.0 start: `webpack-dev-server --open --config config/webpack.config.js --progress`
22 error Exit status 134
23 error Failed at the potato@1.0.0 start script 'webpack-dev-server --open --config config/webpack.config.js --progress'.
23 error Make sure you have the latest version of node.js and npm installed.
23 error If you do, this is most likely a problem with the potato package,
23 error not with npm itself.
23 error Tell the author that this fails on your system:
23 error     webpack-dev-server --open --config config/webpack.config.js --progress
23 error You can get information on how to open an issue for this project with:
23 error     npm bugs potato
23 error Or if that isn't available, you can get their info via:
23 error     npm owner ls potato
23 error There is likely additional logging output above.
24 verbose exit [ 1, true ]
